2017-04-04 18:54:43,470 DEBUG -  example - line:49 - calling a random worker
2017-04-04 18:54:43,471 INFO -   worker - line:15 - work1 doing a job
2017-04-04 18:54:43,818 DEBUG -  example - line:49 - calling a random worker
2017-04-04 18:54:43,818 INFO -   worker - line:43 - work4 doing something
2017-04-04 18:54:43,818 DEBUG -   worker - line:45 - work4 called 1 times
2017-04-04 18:54:44,591 DEBUG -  example - line:49 - calling a random worker
2017-04-04 18:54:44,591 INFO -   worker - line:31 - work3 doing a job
2017-04-04 18:54:44,591 ERROR -   worker - line:33 - Error in work3: bad input
2017-04-04 18:54:44,855 DEBUG -  example - line:49 - calling a random worker
2017-04-04 18:54:44,855 INFO -   worker - line:22 - work2 doing a job
2017-04-04 18:54:45,567 DEBUG -  example - line:49 - calling a random worker
2017-04-04 18:54:45,568 INFO -   worker - line:31 - work3 doing a job
2017-04-04 18:54:45,568 ERROR -   worker - line:33 - Error in work3: bad input
2017-04-04 18:54:46,073 DEBUG -  example - line:49 - calling a random worker
2017-04-04 18:54:46,073 INFO -   worker - line:22 - work2 doing a job
2017-04-04 18:54:46,073 WARNING -   worker - line:24 - something weird happened in work2!
2017-04-04 18:54:46,382 DEBUG -  example - line:49 - calling a random worker
2017-04-04 18:54:46,382 INFO -   worker - line:31 - work3 doing a job
2017-04-04 18:54:46,436 DEBUG -  example - line:49 - calling a random worker
2017-04-04 18:54:46,436 INFO -   worker - line:15 - work1 doing a job
2017-04-04 18:54:46,675 DEBUG -  example - line:49 - calling a random worker
2017-04-04 18:54:46,676 INFO -   worker - line:15 - work1 doing a job
2017-04-04 18:54:47,376 DEBUG -  example - line:49 - calling a random worker
2017-04-04 18:54:47,377 INFO -   worker - line:43 - work4 doing something
2017-04-04 18:54:47,377 DEBUG -   worker - line:45 - work4 called 2 times
2017-04-04 18:54:47,918 DEBUG -  example - line:49 - calling a random worker
2017-04-04 18:54:47,918 INFO -   worker - line:15 - work1 doing a job
2017-04-04 18:54:48,246 DEBUG -  example - line:49 - calling a random worker
2017-04-04 18:54:48,246 INFO -   worker - line:22 - work2 doing a job
2017-04-04 18:54:49,216 DEBUG -  example - line:49 - calling a random worker
2017-04-04 18:54:49,217 INFO -   worker - line:22 - work2 doing a job
2017-04-04 18:54:49,985 DEBUG -  example - line:49 - calling a random worker
2017-04-04 18:54:49,986 INFO -   worker - line:43 - work4 doing something
2017-04-04 18:54:49,986 DEBUG -   worker - line:45 - work4 called 3 times
2017-04-04 18:54:49,995 DEBUG -  example - line:49 - calling a random worker
2017-04-04 18:54:49,995 INFO -   worker - line:15 - work1 doing a job
2017-04-04 18:54:50,465 DEBUG -  example - line:49 - calling a random worker
2017-04-04 18:54:50,466 INFO -   worker - line:15 - work1 doing a job
2017-04-04 18:54:50,658 DEBUG -  example - line:49 - calling a random worker
2017-04-04 18:54:50,659 INFO -   worker - line:43 - work4 doing something
2017-04-04 18:54:50,659 DEBUG -   worker - line:45 - work4 called 4 times
2017-04-04 18:54:51,324 DEBUG -  example - line:49 - calling a random worker
2017-04-04 18:54:51,324 INFO -   worker - line:43 - work4 doing something
2017-04-04 18:54:51,324 DEBUG -   worker - line:45 - work4 called 5 times
2017-04-04 18:54:51,324 CRITICAL -   worker - line:48 - Something went terribly wrong! Aborting!!!
